<?xml version="1.0" encoding="UTF-8"?>
<!-- Generated by org.testng.reporters.JUnitReportReporter -->
<testsuite hostname="SrinivasR" failures="0" tests="3" name="SwagLabsTest" time="42.697" errors="0" timestamp="15 Jul 2023 14:30:38 GMT" skipped="0">
  <testcase classname="SwagLabsTest" name="loginTest" time="9.841"/>
  <testcase classname="SwagLabsTest" name="getProductNamesAndPrices" time="17.712"/>
  <testcase classname="SwagLabsTest" name="addToCart" time="15.144"/>
</testsuite> <!-- SwagLabsTest -->
