<?xml version="1.0" encoding="UTF-8"?>
<!-- Generated by org.testng.reporters.JUnitReportReporter -->
<testsuite skipped="0" hostname="SrinivasR" name="EriBankTest" tests="2" failures="0" timestamp="14 Jul 2023 07:02:40 GMT" time="31.247" errors="0">
  <testcase name="loginToEriBank" time="13.075" classname="EriBankTest"/>
  <testcase name="makePayment" time="18.172" classname="EriBankTest"/>
</testsuite> <!-- EriBankTest -->
