<?xml version="1.0" encoding="UTF-8"?>
<!-- Generated by org.testng.reporters.JUnitReportReporter -->
<testsuite hostname="SrinivasR" failures="0" tests="2" name="MobileTesting" time="35.754" errors="0" timestamp="13 Jul 2023 09:28:40 GMT" skipped="0">
  <testcase classname="MobileTesting" name="loginTest" time="15.933"/>
  <testcase classname="MobileTesting" name="addMultipleItemsToCart" time="19.821"/>
</testsuite> <!-- MobileTesting -->
