<?xml version="1.0" encoding="UTF-8"?>
<!-- Generated by org.testng.reporters.JUnitReportReporter -->
<testsuite hostname="SrinivasR" failures="0" tests="1" name="MobileTesting" time="15.669" errors="0" timestamp="15 Jul 2023 06:36:06 GMT" skipped="0">
  <testcase classname="MobileTesting" name="loginTest" time="15.669"/>
</testsuite> <!-- MobileTesting -->
