<?xml version="1.0" encoding="UTF-8"?>
<!-- Generated by org.testng.reporters.JUnitReportReporter -->
<testsuite hostname="SrinivasR" failures="0" tests="3" name="EriBankTest" time="76.375" errors="0" timestamp="14 Jul 2023 14:05:09 GMT" skipped="0">
  <testcase classname="EriBankTest" name="loginToEriBank" time="10.927"/>
  <testcase classname="EriBankTest" name="makePayment" time="19.148"/>
  <testcase classname="EriBankTest" name="mortgageRequest" time="46.300"/>
</testsuite> <!-- EriBankTest -->
