<?xml version="1.0" encoding="UTF-8"?>
<!-- Generated by org.testng.reporters.JUnitReportReporter -->
<testsuite hostname="SrinivasR" failures="0" tests="2" name="EriBankTest" time="32.365" errors="0" timestamp="14 Jul 2023 10:09:57 GMT" skipped="0">
  <testcase classname="EriBankTest" name="loginToEriBank" time="12.124"/>
  <testcase classname="EriBankTest" name="makePayment" time="20.241"/>
</testsuite> <!-- EriBankTest -->
