<?xml version="1.0" encoding="UTF-8"?>
<!-- Generated by org.testng.reporters.JUnitReportReporter -->
<testsuite skipped="1" hostname="SrinivasR" name="AjioApp" tests="2" failures="0" timestamp="13 Jul 2023 12:38:16 GMT" time="28.849" errors="1">
  <testcase name="launchAjioApp" time="28.849" classname="AjioApp">
    <error type="org.openqa.selenium.SessionNotCreatedException" message="Could not start a new session. Response code 500. Message: An unknown server-side error occurred while processing the command. Original error: Could not proxy command to the remote server. Original error: socket hang up 
Host info: host: &#039;SRINIVASR&#039;, ip: &#039;192.168.68.110&#039;
Build info: version: &#039;4.10.0&#039;, revision: &#039;c14d967899&#039;
System info: os.name: &#039;Windows 10&#039;, os.arch: &#039;amd64&#039;, os.version: &#039;10.0&#039;, java.version: &#039;1.8.0_202&#039;
Driver info: io.appium.java_client.android.AndroidDriver
Command: [null, newSession {capabilities=[{appium:appActivity=com.ril.ajio.launch.activity.SplashScreenActivity, appium:appPackage=com.ril.ajio, appium:automationName=uiautomator2, appium:deviceName=emulator-5554, appium:noReTet=true, platformName=ANDROID, appium:platformVersion=13, appium:senserInstrument=true, appium:skipUnlock=true}], desiredCapabilities=Capabilities {appActivity: com.ril.ajio.launch.activit..., appPackage: com.ril.ajio, automationName: uiautomator2, deviceName: emulator-5554, noReTet: true, platformName: ANDROID, platformVersion: 13, senserInstrument: true, skipUnlock: true}}]
Capabilities {appActivity: com.ril.ajio.launch.activit..., appPackage: com.ril.ajio, automationName: uiautomator2, deviceName: emulator-5554, noReTet: true, platformName: ANDROID, platformVersion: 13, senserInstrument: true, skipUnlock: true}">
      <![CDATA[org.openqa.selenium.SessionNotCreatedException: Could not start a new session. Response code 500. Message: An unknown server-side error occurred while processing the command. Original error: Could not proxy command to the remote server. Original error: socket hang up 
Host info: host: 'SRINIVASR', ip: '192.168.68.110'
Build info: version: '4.10.0', revision: 'c14d967899'
System info: os.name: 'Windows 10', os.arch: 'amd64', os.version: '10.0', java.version: '1.8.0_202'
Driver info: io.appium.java_client.android.AndroidDriver
Command: [null, newSession {capabilities=[{appium:appActivity=com.ril.ajio.launch.activity.SplashScreenActivity, appium:appPackage=com.ril.ajio, appium:automationName=uiautomator2, appium:deviceName=emulator-5554, appium:noReTet=true, platformName=ANDROID, appium:platformVersion=13, appium:senserInstrument=true, appium:skipUnlock=true}], desiredCapabilities=Capabilities {appActivity: com.ril.ajio.launch.activit..., appPackage: com.ril.ajio, automationName: uiautomator2, deviceName: emulator-5554, noReTet: true, platformName: ANDROID, platformVersion: 13, senserInstrument: true, skipUnlock: true}}]
Capabilities {appActivity: com.ril.ajio.launch.activit..., appPackage: com.ril.ajio, automationName: uiautomator2, deviceName: emulator-5554, noReTet: true, platformName: ANDROID, platformVersion: 13, senserInstrument: true, skipUnlock: true}
at org.openqa.selenium.remote.ProtocolHandshake.createSession(ProtocolHandshake.java:140)
at sun.reflect.NativeMethodAccessorImpl.invoke0(Native Method)
at sun.reflect.NativeMethodAccessorImpl.invoke(NativeMethodAccessorImpl.java:62)
at sun.reflect.DelegatingMethodAccessorImpl.invoke(DelegatingMethodAccessorImpl.java:43)
at java.lang.reflect.Method.invoke(Method.java:498)
at io.appium.java_client.remote.AppiumProtocolHandshake.createSession(AppiumProtocolHandshake.java:133)
at io.appium.java_client.remote.AppiumProtocolHandshake.createSession(AppiumProtocolHandshake.java:102)
at io.appium.java_client.remote.AppiumCommandExecutor.createSession(AppiumCommandExecutor.java:194)
at io.appium.java_client.remote.AppiumCommandExecutor.execute(AppiumCommandExecutor.java:262)
at org.openqa.selenium.remote.RemoteWebDriver.execute(RemoteWebDriver.java:531)
at io.appium.java_client.AppiumDriver.startSession(AppiumDriver.java:229)
at org.openqa.selenium.remote.RemoteWebDriver.<init>(RemoteWebDriver.java:154)
at io.appium.java_client.AppiumDriver.<init>(AppiumDriver.java:80)
at io.appium.java_client.AppiumDriver.<init>(AppiumDriver.java:92)
at io.appium.java_client.android.AndroidDriver.<init>(AndroidDriver.java:117)
at com.swag.pages.BasePage.launchAjioApp(BasePage.java:47)
at sun.reflect.NativeMethodAccessorImpl.invoke0(Native Method)
at sun.reflect.NativeMethodAccessorImpl.invoke(NativeMethodAccessorImpl.java:62)
at sun.reflect.DelegatingMethodAccessorImpl.invoke(DelegatingMethodAccessorImpl.java:43)
at java.lang.reflect.Method.invoke(Method.java:498)
at org.testng.internal.MethodInvocationHelper.invokeMethod(MethodInvocationHelper.java:124)
at org.testng.internal.MethodInvocationHelper.invokeMethodConsideringTimeout(MethodInvocationHelper.java:59)
at org.testng.internal.Invoker.invokeConfigurationMethod(Invoker.java:458)
at org.testng.internal.Invoker.invokeConfigurations(Invoker.java:222)
at org.testng.internal.Invoker.invokeConfigurations(Invoker.java:142)
at org.testng.SuiteRunner.privateRun(SuiteRunner.java:401)
at org.testng.SuiteRunner.run(SuiteRunner.java:364)
at org.testng.SuiteRunnerWorker.runSuite(SuiteRunnerWorker.java:52)
at org.testng.SuiteRunnerWorker.run(SuiteRunnerWorker.java:84)
at org.testng.TestNG.runSuitesSequentially(TestNG.java:1208)
at org.testng.TestNG.runSuitesLocally(TestNG.java:1137)
at org.testng.TestNG.runSuites(TestNG.java:1049)
at org.testng.TestNG.run(TestNG.java:1017)
at org.testng.remote.AbstractRemoteTestNG.run(AbstractRemoteTestNG.java:115)
at org.testng.remote.RemoteTestNG.initAndRun(RemoteTestNG.java:251)
at org.testng.remote.RemoteTestNG.main(RemoteTestNG.java:77)
]]>
    </error>
  </testcase> <!-- launchAjioApp -->
  <testcase name="regsiterToAjioApp" time="0.000" classname="AjioApp">
    <skipped/>
  </testcase> <!-- regsiterToAjioApp -->
</testsuite> <!-- AjioApp -->
