<?xml version="1.0" encoding="UTF-8"?>
<!-- Generated by org.testng.reporters.JUnitReportReporter -->
<testsuite hostname="SrinivasR" failures="0" tests="4" name="SwagLabsTest" time="88.040" errors="0" timestamp="16 Jul 2023 15:39:00 GMT" skipped="0">
  <testcase classname="SwagLabsTest" name="loginTest" time="12.691"/>
  <testcase classname="SwagLabsTest" name="getProductNamesAndPrices" time="18.305"/>
  <testcase classname="SwagLabsTest" name="addToCart" time="36.839"/>
  <testcase classname="SwagLabsTest" name="addMultipleItemsToCart" time="20.205"/>
</testsuite> <!-- SwagLabsTest -->
